<?xml version="1.0" encoding="UTF-8"?>
<!-- Generated by org.testng.reporters.JUnitReportReporter -->
<testsuite hostname="DESKTOP-4VUC44N" failures="0" tests="3" name="testngIntro.Testng01Basics" time="0.007" errors="0" timestamp="2020-03-22T10:52:30 CDT" skipped="0">
  <testcase classname="testngIntro.Testng01Basics" name="SecondTestCase" time="0.001"/>
  <system-out/>
  <testcase classname="testngIntro.Testng01Basics" name="ThirdTestCase" time="0.002"/>
  <system-out/>
  <testcase classname="testngIntro.Testng01Basics" name="Login" time="0.004"/>
  <system-out/>
</testsuite> <!-- testngIntro.Testng01Basics -->
