<?xml version="1.0" encoding="UTF-8"?>
<!-- Generated by org.testng.reporters.JUnitReportReporter -->
<testsuite hostname="DESKTOP-4VUC44N" failures="0" tests="3" name="testngIntro.Testng02LoansPersonal" time="0.051" errors="0" timestamp="2020-03-22T11:54:37 CDT" skipped="0">
  <testcase classname="testngIntro.Testng02LoansPersonal" name="ApproveLoanPersonalLoan" time="0.011"/>
  <system-out/>
  <testcase classname="testngIntro.Testng02LoansPersonal" name="CreateLoanPersonalLoan" time="0.008"/>
  <system-out/>
  <testcase classname="testngIntro.Testng02LoansPersonal" name="LoginPersonalLoan" time="0.032"/>
  <system-out/>
</testsuite> <!-- testngIntro.Testng02LoansPersonal -->
