<?xml version="1.0" encoding="UTF-8"?>
<!-- Generated by org.testng.reporters.JUnitReportReporter -->
<testsuite hostname="DESKTOP-4VUC44N" failures="0" tests="4" name="testngIntro.Testng02Loans" time="0.031" errors="0" timestamp="2020-03-22T11:54:37 CDT" skipped="1">
  <testcase classname="testngIntro.Testng02Loans" name="ApproveLoan" time="0.003"/>
  <system-out/>
  <testcase classname="testngIntro.Testng02Loans" name="Login" time="0.013"/>
  <system-out/>
  <testcase classname="testngIntro.Testng02Loans" name="CreateLoan" time="0.015"/>
  <system-out/>
  <testcase classname="testngIntro.Testng02Loans" name="CloseLoan">
    <skipped/>
  </testcase> <!-- CloseLoan -->
  <system-out/>
</testsuite> <!-- testngIntro.Testng02Loans -->
