<?xml version="1.0" encoding="UTF-8"?>
<!-- Generated by org.testng.reporters.JUnitReportReporter -->
<testsuite hostname="DESKTOP-4VUC44N" failures="0" tests="4" name="testngIntro.Testng03Parameters" time="0.068" errors="0" timestamp="2020-03-22T12:21:06 CDT" skipped="0">
  <testcase classname="testngIntro.Testng03Parameters" name="Login" time="0.051"/>
  <system-out/>
  <testcase classname="testngIntro.Testng03Parameters" name="LoginMultipleTimes" time="0.006"/>
  <system-out/>
  <testcase classname="testngIntro.Testng03Parameters" name="LoginMultipleTimes" time="0.007"/>
  <system-out/>
  <testcase classname="testngIntro.Testng03Parameters" name="LoginMultipleTimes" time="0.004"/>
  <system-out/>
</testsuite> <!-- testngIntro.Testng03Parameters -->
