<?xml version="1.0" encoding="UTF-8"?>
<!-- Generated by org.testng.reporters.JUnitReportReporter -->
<testsuite hostname="DESKTOP-4VUC44N" failures="0" tests="4" name="testngIntro.Testng04Annotations" time="0.029" errors="0" timestamp="2020-03-22T12:36:34 CDT" skipped="0">
  <testcase classname="testngIntro.Testng04Annotations" name="Method1" time="0.013"/>
  <system-out/>
  <testcase classname="testngIntro.Testng04Annotations" name="Method2" time="0.004"/>
  <system-out/>
  <testcase classname="testngIntro.Testng04Annotations" name="Method3" time="0.007"/>
  <system-out/>
  <testcase classname="testngIntro.Testng04Annotations" name="Method4" time="0.005"/>
  <system-out/>
</testsuite> <!-- testngIntro.Testng04Annotations -->
