<?xml version="1.0" encoding="UTF-8"?>
<!-- Generated by org.testng.reporters.JUnitReportReporter -->
<testsuite hostname="DESKTOP-4VUC44N" failures="0" tests="2" name="tests.EaAppLoginNegative" time="2.193" errors="0" timestamp="2020-03-28T12:39:06 CDT" skipped="0">
  <testcase classname="tests.EaAppLoginNegative" name="ClickLogin" time="0.685"/>
  <system-out/>
  <testcase classname="tests.EaAppLoginNegative" name="InvalidLogin" time="1.508"/>
  <system-out/>
</testsuite> <!-- tests.EaAppLoginNegative -->
