<?xml version="1.0" encoding="UTF-8"?>
<!-- Generated by org.testng.reporters.JUnitReportReporter -->
<testsuite hostname="DESKTOP-4VUC44N" failures="0" tests="2" name="tests.EaAppRegister" time="3.948" errors="0" timestamp="2020-03-28T12:19:14 CDT" skipped="0">
  <testcase classname="tests.EaAppRegister" name="ClickRegister" time="1.238"/>
  <system-out/>
  <testcase classname="tests.EaAppRegister" name="ValidationCheck" time="2.710"/>
  <system-out/>
</testsuite> <!-- tests.EaAppRegister -->
